nohup: ignoring input
Starting Flask server for all EMOS features...
Project root: /home/soe/EMOS
Available endpoints:
  ✅ Feature 1: /api/process/1
  ✅ Feature 2: /api/process/2
  ✅ Feature 3: /api/process/3
  ✅ Feature 4: /api/process/4
  ✅ Feature 5: /api/process/5
  ✅ Feature 6: /api/process/6
  ✅ Feature 7: /api/process/7
  ✅ Feature 8: /api/process/8
  ✅ Feature 9: /api/process/9
  ✅ Feature 10: /api/process/10
  ✅ Feature 11: /api/process/11
  ✅ Feature 12: /api/process/12
  ✅ Feature 13: /api/process/13
  ✅ Feature 14: /api/process/14
  ✅ Feature 15: /api/process/15
  ✅ Feature 16: /api/process/16
 * Serving Flask app 'app'
 * Debug mode: off
[31m[1mWARNING: This is a development server. Do not use it in a production deployment. Use a production WSGI server instead.[0m
 * Running on all addresses (0.0.0.0)
 * Running on http://127.0.0.1:5001
 * Running on http://10.126.185.43:5001
[33mPress CTRL+C to quit[0m
127.0.0.1 - - [11/Nov/2025 15:23:44] "GET /api/health HTTP/1.1" 200 -
